<?xml version="1.0" encoding="UTF-8"?>
<!-- Generated by org.testng.reporters.JUnitReportReporter -->
<testsuite hostname="LAPTOP-USLLJEE2" failures="0" tests="2" name="LoginTest" time="31.567" errors="0" timestamp="21 Jun 2020 17:44:11 GMT" skipped="0">
  <testcase classname="LoginTest" name="validateTitle" time="7.961"/>
  <testcase classname="LoginTest" name="doLogin" time="23.606"/>
</testsuite> <!-- LoginTest -->
